2026-05-31 16:23:51,521 [ERROR] django.request (line 249): Internal Server Error: /api/auth/otp/email/verify/
Traceback (most recent call last):
  File "/home/ken/primeflux/backend/.venv/lib/python3.12/site-packages/django/core/handlers/exception.py", line 55, in inner
    response = get_response(request)
               ^^^^^^^^^^^^^^^^^^^^^
  File "/home/ken/primeflux/backend/.venv/lib/python3.12/site-packages/django/core/handlers/base.py", line 198, in _get_response
    response = wrapped_callback(request, *callback_args, **callback_kwargs)
               ^^^^^^^^^^^^^^^^^^^^^^^^^^^^^^^^^^^^^^^^^^^^^^^^^^^^^^^^^^^^
  File "/home/ken/primeflux/backend/.venv/lib/python3.12/site-packages/django/views/decorators/csrf.py", line 65, in _view_wrapper
    return view_func(request, *args, **kwargs)
           ^^^^^^^^^^^^^^^^^^^^^^^^^^^^^^^^^^^
  File "/home/ken/primeflux/backend/.venv/lib/python3.12/site-packages/django/views/generic/base.py", line 106, in view
    return self.dispatch(request, *args, **kwargs)
           ^^^^^^^^^^^^^^^^^^^^^^^^^^^^^^^^^^^^^^^
  File "/home/ken/primeflux/backend/.venv/lib/python3.12/site-packages/rest_framework/views.py", line 515, in dispatch
    response = self.handle_exception(exc)
               ^^^^^^^^^^^^^^^^^^^^^^^^^^
  File "/home/ken/primeflux/backend/.venv/lib/python3.12/site-packages/rest_framework/views.py", line 475, in handle_exception
    self.raise_uncaught_exception(exc)
  File "/home/ken/primeflux/backend/.venv/lib/python3.12/site-packages/rest_framework/views.py", line 486, in raise_uncaught_exception
    raise exc
  File "/home/ken/primeflux/backend/.venv/lib/python3.12/site-packages/rest_framework/views.py", line 512, in dispatch
    response = handler(request, *args, **kwargs)
               ^^^^^^^^^^^^^^^^^^^^^^^^^^^^^^^^^
  File "/home/ken/primeflux/backend/core/apps/accounts/views.py", line 123, in post
    if not serializer.is_valid():
           ^^^^^^^^^^^^^^^^^^^^^
  File "/home/ken/primeflux/backend/.venv/lib/python3.12/site-packages/rest_framework/serializers.py", line 218, in is_valid
    assert hasattr(self, 'initial_data'), (
           ^^^^^^^^^^^^^^^^^^^^^^^^^^^^^
AssertionError: Cannot call `.is_valid()` as no `data=` keyword argument was passed when instantiating the serializer instance.
2026-06-02 07:20:11,340 [ERROR] django.request (line 249): Internal Server Error: /api/v1/auth/otp/email/send/
Traceback (most recent call last):
  File "/home/ken/primeflux/backend/.venv/lib/python3.12/site-packages/django/core/handlers/exception.py", line 55, in inner
    response = get_response(request)
               ^^^^^^^^^^^^^^^^^^^^^
  File "/home/ken/primeflux/backend/.venv/lib/python3.12/site-packages/django/core/handlers/base.py", line 198, in _get_response
    response = wrapped_callback(request, *callback_args, **callback_kwargs)
               ^^^^^^^^^^^^^^^^^^^^^^^^^^^^^^^^^^^^^^^^^^^^^^^^^^^^^^^^^^^^
  File "/home/ken/primeflux/backend/.venv/lib/python3.12/site-packages/django/views/decorators/csrf.py", line 65, in _view_wrapper
    return view_func(request, *args, **kwargs)
           ^^^^^^^^^^^^^^^^^^^^^^^^^^^^^^^^^^^
  File "/home/ken/primeflux/backend/.venv/lib/python3.12/site-packages/django/views/generic/base.py", line 106, in view
    return self.dispatch(request, *args, **kwargs)
           ^^^^^^^^^^^^^^^^^^^^^^^^^^^^^^^^^^^^^^^
  File "/home/ken/primeflux/backend/.venv/lib/python3.12/site-packages/rest_framework/views.py", line 515, in dispatch
    response = self.handle_exception(exc)
               ^^^^^^^^^^^^^^^^^^^^^^^^^^
  File "/home/ken/primeflux/backend/.venv/lib/python3.12/site-packages/rest_framework/views.py", line 475, in handle_exception
    self.raise_uncaught_exception(exc)
  File "/home/ken/primeflux/backend/.venv/lib/python3.12/site-packages/rest_framework/views.py", line 486, in raise_uncaught_exception
    raise exc
  File "/home/ken/primeflux/backend/.venv/lib/python3.12/site-packages/rest_framework/views.py", line 512, in dispatch
    response = handler(request, *args, **kwargs)
               ^^^^^^^^^^^^^^^^^^^^^^^^^^^^^^^^^
TypeError: SendEmailOTPView.post() got an unexpected keyword argument 'version'
2026-06-03 11:53:19,284 [ERROR] django.request (line 249): Internal Server Error: /api/v1/auth/register/
Traceback (most recent call last):
  File "/home/ken/primeflux/backend/.venv/lib/python3.12/site-packages/django/core/handlers/exception.py", line 55, in inner
    response = get_response(request)
               ^^^^^^^^^^^^^^^^^^^^^
  File "/home/ken/primeflux/backend/.venv/lib/python3.12/site-packages/django/core/handlers/base.py", line 198, in _get_response
    response = wrapped_callback(request, *callback_args, **callback_kwargs)
               ^^^^^^^^^^^^^^^^^^^^^^^^^^^^^^^^^^^^^^^^^^^^^^^^^^^^^^^^^^^^
  File "/home/ken/primeflux/backend/.venv/lib/python3.12/site-packages/django/views/decorators/csrf.py", line 65, in _view_wrapper
    return view_func(request, *args, **kwargs)
           ^^^^^^^^^^^^^^^^^^^^^^^^^^^^^^^^^^^
  File "/home/ken/primeflux/backend/.venv/lib/python3.12/site-packages/django/views/generic/base.py", line 106, in view
    return self.dispatch(request, *args, **kwargs)
           ^^^^^^^^^^^^^^^^^^^^^^^^^^^^^^^^^^^^^^^
  File "/home/ken/primeflux/backend/.venv/lib/python3.12/site-packages/rest_framework/views.py", line 515, in dispatch
    response = self.handle_exception(exc)
               ^^^^^^^^^^^^^^^^^^^^^^^^^^
  File "/home/ken/primeflux/backend/.venv/lib/python3.12/site-packages/rest_framework/views.py", line 475, in handle_exception
    self.raise_uncaught_exception(exc)
  File "/home/ken/primeflux/backend/.venv/lib/python3.12/site-packages/rest_framework/views.py", line 486, in raise_uncaught_exception
    raise exc
  File "/home/ken/primeflux/backend/.venv/lib/python3.12/site-packages/rest_framework/views.py", line 512, in dispatch
    response = handler(request, *args, **kwargs)
               ^^^^^^^^^^^^^^^^^^^^^^^^^^^^^^^^^
TypeError: RegisterView.post() got an unexpected keyword argument 'version'
2026-06-03 12:06:46,820 [ERROR] django.request (line 249): Internal Server Error: /api/v1/auth/login
Traceback (most recent call last):
  File "/home/ken/primeflux/backend/.venv/lib/python3.12/site-packages/django/core/handlers/exception.py", line 55, in inner
    response = get_response(request)
               ^^^^^^^^^^^^^^^^^^^^^
  File "/home/ken/primeflux/backend/.venv/lib/python3.12/site-packages/django/utils/deprecation.py", line 311, in __call__
    response = self.process_response(request, response)
               ^^^^^^^^^^^^^^^^^^^^^^^^^^^^^^^^^^^^^^^^
  File "/home/ken/primeflux/backend/.venv/lib/python3.12/site-packages/django/middleware/common.py", line 109, in process_response
    self.get_full_path_with_slash(request)
  File "/home/ken/primeflux/backend/.venv/lib/python3.12/site-packages/django/middleware/common.py", line 87, in get_full_path_with_slash
    raise RuntimeError(
RuntimeError: You called this URL via POST, but the URL doesn't end in a slash and you have APPEND_SLASH set. Django can't redirect to the slash URL while maintaining POST data. Change your form to point to localhost:8000/api/v1/auth/login/ (note the trailing slash), or set APPEND_SLASH=False in your Django settings.
2026-06-03 12:23:21,486 [ERROR] django.request (line 249): Internal Server Error: /api/v1/profile/
Traceback (most recent call last):
  File "/home/ken/primeflux/backend/.venv/lib/python3.12/site-packages/redis/connection.py", line 1033, in connect_check_health
    sock = self._connect()
           ^^^^^^^^^^^^^^^
  File "/home/ken/primeflux/backend/.venv/lib/python3.12/site-packages/redis/connection.py", line 1581, in _connect
    raise err
  File "/home/ken/primeflux/backend/.venv/lib/python3.12/site-packages/redis/connection.py", line 1565, in _connect
    sock.connect(socket_address)
ConnectionRefusedError: [Errno 111] Connection refused

During handling of the above exception, another exception occurred:

Traceback (most recent call last):
  File "/home/ken/primeflux/backend/.venv/lib/python3.12/site-packages/django/core/handlers/exception.py", line 55, in inner
    response = get_response(request)
               ^^^^^^^^^^^^^^^^^^^^^
  File "/home/ken/primeflux/backend/.venv/lib/python3.12/site-packages/django/core/handlers/base.py", line 198, in _get_response
    response = wrapped_callback(request, *callback_args, **callback_kwargs)
               ^^^^^^^^^^^^^^^^^^^^^^^^^^^^^^^^^^^^^^^^^^^^^^^^^^^^^^^^^^^^
  File "/home/ken/primeflux/backend/.venv/lib/python3.12/site-packages/django/views/decorators/csrf.py", line 65, in _view_wrapper
    return view_func(request, *args, **kwargs)
           ^^^^^^^^^^^^^^^^^^^^^^^^^^^^^^^^^^^
  File "/home/ken/primeflux/backend/.venv/lib/python3.12/site-packages/django/views/generic/base.py", line 106, in view
    return self.dispatch(request, *args, **kwargs)
           ^^^^^^^^^^^^^^^^^^^^^^^^^^^^^^^^^^^^^^^
  File "/home/ken/primeflux/backend/.venv/lib/python3.12/site-packages/rest_framework/views.py", line 515, in dispatch
    response = self.handle_exception(exc)
               ^^^^^^^^^^^^^^^^^^^^^^^^^^
  File "/home/ken/primeflux/backend/.venv/lib/python3.12/site-packages/rest_framework/views.py", line 475, in handle_exception
    self.raise_uncaught_exception(exc)
  File "/home/ken/primeflux/backend/.venv/lib/python3.12/site-packages/rest_framework/views.py", line 486, in raise_uncaught_exception
    raise exc
  File "/home/ken/primeflux/backend/.venv/lib/python3.12/site-packages/rest_framework/views.py", line 512, in dispatch
    response = handler(request, *args, **kwargs)
               ^^^^^^^^^^^^^^^^^^^^^^^^^^^^^^^^^
  File "/home/ken/primeflux/backend/.venv/lib/python3.12/site-packages/rest_framework/generics.py", line 256, in get
    return self.retrieve(request, *args, **kwargs)
           ^^^^^^^^^^^^^^^^^^^^^^^^^^^^^^^^^^^^^^^
  File "/home/ken/primeflux/backend/core/apps/accounts/views/profile.py", line 28, in retrieve
    cached_data = client.get(cache_key)
                  ^^^^^^^^^^^^^^^^^^^^^
  File "/home/ken/primeflux/backend/core/core_functions/services/cache/redis_client.py", line 27, in get
    return self.client.get(name=key)
           ^^^^^^^^^^^^^^^^^^^^^^^^^
  File "/home/ken/primeflux/backend/.venv/lib/python3.12/site-packages/redis/commands/core.py", line 3194, in get
    return self.execute_command("GET", name, keys=[name])
           ^^^^^^^^^^^^^^^^^^^^^^^^^^^^^^^^^^^^^^^^^^^^^^
  File "/home/ken/primeflux/backend/.venv/lib/python3.12/site-packages/redis/client.py", line 787, in execute_command
    return self._execute_command(*args, **options)
           ^^^^^^^^^^^^^^^^^^^^^^^^^^^^^^^^^^^^^^^
  File "/home/ken/primeflux/backend/.venv/lib/python3.12/site-packages/redis/client.py", line 793, in _execute_command
    conn = self.connection or pool.get_connection()
                              ^^^^^^^^^^^^^^^^^^^^^
  File "/home/ken/primeflux/backend/.venv/lib/python3.12/site-packages/redis/utils.py", line 258, in wrapper
    return func(*args, **kwargs)
           ^^^^^^^^^^^^^^^^^^^^^
  File "/home/ken/primeflux/backend/.venv/lib/python3.12/site-packages/redis/connection.py", line 3139, in get_connection
    connection.connect()
  File "/home/ken/primeflux/backend/.venv/lib/python3.12/site-packages/redis/connection.py", line 1006, in connect
    self.retry.call_with_retry(
  File "/home/ken/primeflux/backend/.venv/lib/python3.12/site-packages/redis/retry.py", line 132, in call_with_retry
    raise error
  File "/home/ken/primeflux/backend/.venv/lib/python3.12/site-packages/redis/retry.py", line 120, in call_with_retry
    return do()
           ^^^^
  File "/home/ken/primeflux/backend/.venv/lib/python3.12/site-packages/redis/connection.py", line 1007, in <lambda>
    lambda: self.connect_check_health(
            ^^^^^^^^^^^^^^^^^^^^^^^^^^
  File "/home/ken/primeflux/backend/.venv/lib/python3.12/site-packages/redis/connection.py", line 1055, in connect_check_health
    raise e
redis.exceptions.ConnectionError: Error 111 connecting to 127.0.0.1:6379. Connection refused.
2026-06-03 12:24:39,096 [ERROR] django.request (line 249): Internal Server Error: /api/v1/profile/
Traceback (most recent call last):
  File "/home/ken/primeflux/backend/.venv/lib/python3.12/site-packages/redis/connection.py", line 1033, in connect_check_health
    sock = self._connect()
           ^^^^^^^^^^^^^^^
  File "/home/ken/primeflux/backend/.venv/lib/python3.12/site-packages/redis/connection.py", line 1581, in _connect
    raise err
  File "/home/ken/primeflux/backend/.venv/lib/python3.12/site-packages/redis/connection.py", line 1565, in _connect
    sock.connect(socket_address)
ConnectionRefusedError: [Errno 111] Connection refused

During handling of the above exception, another exception occurred:

Traceback (most recent call last):
  File "/home/ken/primeflux/backend/.venv/lib/python3.12/site-packages/django/core/handlers/exception.py", line 55, in inner
    response = get_response(request)
               ^^^^^^^^^^^^^^^^^^^^^
  File "/home/ken/primeflux/backend/.venv/lib/python3.12/site-packages/django/core/handlers/base.py", line 198, in _get_response
    response = wrapped_callback(request, *callback_args, **callback_kwargs)
               ^^^^^^^^^^^^^^^^^^^^^^^^^^^^^^^^^^^^^^^^^^^^^^^^^^^^^^^^^^^^
  File "/home/ken/primeflux/backend/.venv/lib/python3.12/site-packages/django/views/decorators/csrf.py", line 65, in _view_wrapper
    return view_func(request, *args, **kwargs)
           ^^^^^^^^^^^^^^^^^^^^^^^^^^^^^^^^^^^
  File "/home/ken/primeflux/backend/.venv/lib/python3.12/site-packages/django/views/generic/base.py", line 106, in view
    return self.dispatch(request, *args, **kwargs)
           ^^^^^^^^^^^^^^^^^^^^^^^^^^^^^^^^^^^^^^^
  File "/home/ken/primeflux/backend/.venv/lib/python3.12/site-packages/rest_framework/views.py", line 515, in dispatch
    response = self.handle_exception(exc)
               ^^^^^^^^^^^^^^^^^^^^^^^^^^
  File "/home/ken/primeflux/backend/.venv/lib/python3.12/site-packages/rest_framework/views.py", line 475, in handle_exception
    self.raise_uncaught_exception(exc)
  File "/home/ken/primeflux/backend/.venv/lib/python3.12/site-packages/rest_framework/views.py", line 486, in raise_uncaught_exception
    raise exc
  File "/home/ken/primeflux/backend/.venv/lib/python3.12/site-packages/rest_framework/views.py", line 512, in dispatch
    response = handler(request, *args, **kwargs)
               ^^^^^^^^^^^^^^^^^^^^^^^^^^^^^^^^^
  File "/home/ken/primeflux/backend/.venv/lib/python3.12/site-packages/rest_framework/generics.py", line 256, in get
    return self.retrieve(request, *args, **kwargs)
           ^^^^^^^^^^^^^^^^^^^^^^^^^^^^^^^^^^^^^^^
  File "/home/ken/primeflux/backend/core/apps/accounts/views/profile.py", line 28, in retrieve
    cached_data = client.get(cache_key)
                  ^^^^^^^^^^^^^^^^^^^^^
  File "/home/ken/primeflux/backend/core/core_functions/services/cache/redis_client.py", line 27, in get
    return self.client.get(name=key)
           ^^^^^^^^^^^^^^^^^^^^^^^^^
  File "/home/ken/primeflux/backend/.venv/lib/python3.12/site-packages/redis/commands/core.py", line 3194, in get
    return self.execute_command("GET", name, keys=[name])
           ^^^^^^^^^^^^^^^^^^^^^^^^^^^^^^^^^^^^^^^^^^^^^^
  File "/home/ken/primeflux/backend/.venv/lib/python3.12/site-packages/redis/client.py", line 787, in execute_command
    return self._execute_command(*args, **options)
           ^^^^^^^^^^^^^^^^^^^^^^^^^^^^^^^^^^^^^^^
  File "/home/ken/primeflux/backend/.venv/lib/python3.12/site-packages/redis/client.py", line 793, in _execute_command
    conn = self.connection or pool.get_connection()
                              ^^^^^^^^^^^^^^^^^^^^^
  File "/home/ken/primeflux/backend/.venv/lib/python3.12/site-packages/redis/utils.py", line 258, in wrapper
    return func(*args, **kwargs)
           ^^^^^^^^^^^^^^^^^^^^^
  File "/home/ken/primeflux/backend/.venv/lib/python3.12/site-packages/redis/connection.py", line 3139, in get_connection
    connection.connect()
  File "/home/ken/primeflux/backend/.venv/lib/python3.12/site-packages/redis/connection.py", line 1006, in connect
    self.retry.call_with_retry(
  File "/home/ken/primeflux/backend/.venv/lib/python3.12/site-packages/redis/retry.py", line 132, in call_with_retry
    raise error
  File "/home/ken/primeflux/backend/.venv/lib/python3.12/site-packages/redis/retry.py", line 120, in call_with_retry
    return do()
           ^^^^
  File "/home/ken/primeflux/backend/.venv/lib/python3.12/site-packages/redis/connection.py", line 1007, in <lambda>
    lambda: self.connect_check_health(
            ^^^^^^^^^^^^^^^^^^^^^^^^^^
  File "/home/ken/primeflux/backend/.venv/lib/python3.12/site-packages/redis/connection.py", line 1055, in connect_check_health
    raise e
redis.exceptions.ConnectionError: Error 111 connecting to 127.0.0.1:6379. Connection refused.
2026-06-03 12:24:44,826 [ERROR] django.request (line 249): Internal Server Error: /api/v1/profile/
Traceback (most recent call last):
  File "/home/ken/primeflux/backend/.venv/lib/python3.12/site-packages/redis/connection.py", line 1033, in connect_check_health
    sock = self._connect()
           ^^^^^^^^^^^^^^^
  File "/home/ken/primeflux/backend/.venv/lib/python3.12/site-packages/redis/connection.py", line 1581, in _connect
    raise err
  File "/home/ken/primeflux/backend/.venv/lib/python3.12/site-packages/redis/connection.py", line 1565, in _connect
    sock.connect(socket_address)
ConnectionRefusedError: [Errno 111] Connection refused

During handling of the above exception, another exception occurred:

Traceback (most recent call last):
  File "/home/ken/primeflux/backend/.venv/lib/python3.12/site-packages/django/core/handlers/exception.py", line 55, in inner
    response = get_response(request)
               ^^^^^^^^^^^^^^^^^^^^^
  File "/home/ken/primeflux/backend/.venv/lib/python3.12/site-packages/django/core/handlers/base.py", line 198, in _get_response
    response = wrapped_callback(request, *callback_args, **callback_kwargs)
               ^^^^^^^^^^^^^^^^^^^^^^^^^^^^^^^^^^^^^^^^^^^^^^^^^^^^^^^^^^^^
  File "/home/ken/primeflux/backend/.venv/lib/python3.12/site-packages/django/views/decorators/csrf.py", line 65, in _view_wrapper
    return view_func(request, *args, **kwargs)
           ^^^^^^^^^^^^^^^^^^^^^^^^^^^^^^^^^^^
  File "/home/ken/primeflux/backend/.venv/lib/python3.12/site-packages/django/views/generic/base.py", line 106, in view
    return self.dispatch(request, *args, **kwargs)
           ^^^^^^^^^^^^^^^^^^^^^^^^^^^^^^^^^^^^^^^
  File "/home/ken/primeflux/backend/.venv/lib/python3.12/site-packages/rest_framework/views.py", line 515, in dispatch
    response = self.handle_exception(exc)
               ^^^^^^^^^^^^^^^^^^^^^^^^^^
  File "/home/ken/primeflux/backend/.venv/lib/python3.12/site-packages/rest_framework/views.py", line 475, in handle_exception
    self.raise_uncaught_exception(exc)
  File "/home/ken/primeflux/backend/.venv/lib/python3.12/site-packages/rest_framework/views.py", line 486, in raise_uncaught_exception
    raise exc
  File "/home/ken/primeflux/backend/.venv/lib/python3.12/site-packages/rest_framework/views.py", line 512, in dispatch
    response = handler(request, *args, **kwargs)
               ^^^^^^^^^^^^^^^^^^^^^^^^^^^^^^^^^
  File "/home/ken/primeflux/backend/.venv/lib/python3.12/site-packages/rest_framework/generics.py", line 256, in get
    return self.retrieve(request, *args, **kwargs)
           ^^^^^^^^^^^^^^^^^^^^^^^^^^^^^^^^^^^^^^^
  File "/home/ken/primeflux/backend/core/apps/accounts/views/profile.py", line 28, in retrieve
    cached_data = client.get(cache_key)
                  ^^^^^^^^^^^^^^^^^^^^^
  File "/home/ken/primeflux/backend/core/core_functions/services/cache/redis_client.py", line 27, in get
    return self.client.get(name=key)
           ^^^^^^^^^^^^^^^^^^^^^^^^^
  File "/home/ken/primeflux/backend/.venv/lib/python3.12/site-packages/redis/commands/core.py", line 3194, in get
    return self.execute_command("GET", name, keys=[name])
           ^^^^^^^^^^^^^^^^^^^^^^^^^^^^^^^^^^^^^^^^^^^^^^
  File "/home/ken/primeflux/backend/.venv/lib/python3.12/site-packages/redis/client.py", line 787, in execute_command
    return self._execute_command(*args, **options)
           ^^^^^^^^^^^^^^^^^^^^^^^^^^^^^^^^^^^^^^^
  File "/home/ken/primeflux/backend/.venv/lib/python3.12/site-packages/redis/client.py", line 793, in _execute_command
    conn = self.connection or pool.get_connection()
                              ^^^^^^^^^^^^^^^^^^^^^
  File "/home/ken/primeflux/backend/.venv/lib/python3.12/site-packages/redis/utils.py", line 258, in wrapper
    return func(*args, **kwargs)
           ^^^^^^^^^^^^^^^^^^^^^
  File "/home/ken/primeflux/backend/.venv/lib/python3.12/site-packages/redis/connection.py", line 3139, in get_connection
    connection.connect()
  File "/home/ken/primeflux/backend/.venv/lib/python3.12/site-packages/redis/connection.py", line 1006, in connect
    self.retry.call_with_retry(
  File "/home/ken/primeflux/backend/.venv/lib/python3.12/site-packages/redis/retry.py", line 132, in call_with_retry
    raise error
  File "/home/ken/primeflux/backend/.venv/lib/python3.12/site-packages/redis/retry.py", line 120, in call_with_retry
    return do()
           ^^^^
  File "/home/ken/primeflux/backend/.venv/lib/python3.12/site-packages/redis/connection.py", line 1007, in <lambda>
    lambda: self.connect_check_health(
            ^^^^^^^^^^^^^^^^^^^^^^^^^^
  File "/home/ken/primeflux/backend/.venv/lib/python3.12/site-packages/redis/connection.py", line 1055, in connect_check_health
    raise e
redis.exceptions.ConnectionError: Error 111 connecting to 127.0.0.1:6379. Connection refused.
2026-06-03 12:24:56,826 [ERROR] django.request (line 249): Internal Server Error: /api/v1/profile/
Traceback (most recent call last):
  File "/home/ken/primeflux/backend/.venv/lib/python3.12/site-packages/redis/connection.py", line 1033, in connect_check_health
    sock = self._connect()
           ^^^^^^^^^^^^^^^
  File "/home/ken/primeflux/backend/.venv/lib/python3.12/site-packages/redis/connection.py", line 1581, in _connect
    raise err
  File "/home/ken/primeflux/backend/.venv/lib/python3.12/site-packages/redis/connection.py", line 1565, in _connect
    sock.connect(socket_address)
ConnectionRefusedError: [Errno 111] Connection refused

During handling of the above exception, another exception occurred:

Traceback (most recent call last):
  File "/home/ken/primeflux/backend/.venv/lib/python3.12/site-packages/django/core/handlers/exception.py", line 55, in inner
    response = get_response(request)
               ^^^^^^^^^^^^^^^^^^^^^
  File "/home/ken/primeflux/backend/.venv/lib/python3.12/site-packages/django/core/handlers/base.py", line 198, in _get_response
    response = wrapped_callback(request, *callback_args, **callback_kwargs)
               ^^^^^^^^^^^^^^^^^^^^^^^^^^^^^^^^^^^^^^^^^^^^^^^^^^^^^^^^^^^^
  File "/home/ken/primeflux/backend/.venv/lib/python3.12/site-packages/django/views/decorators/csrf.py", line 65, in _view_wrapper
    return view_func(request, *args, **kwargs)
           ^^^^^^^^^^^^^^^^^^^^^^^^^^^^^^^^^^^
  File "/home/ken/primeflux/backend/.venv/lib/python3.12/site-packages/django/views/generic/base.py", line 106, in view
    return self.dispatch(request, *args, **kwargs)
           ^^^^^^^^^^^^^^^^^^^^^^^^^^^^^^^^^^^^^^^
  File "/home/ken/primeflux/backend/.venv/lib/python3.12/site-packages/rest_framework/views.py", line 515, in dispatch
    response = self.handle_exception(exc)
               ^^^^^^^^^^^^^^^^^^^^^^^^^^
  File "/home/ken/primeflux/backend/.venv/lib/python3.12/site-packages/rest_framework/views.py", line 475, in handle_exception
    self.raise_uncaught_exception(exc)
  File "/home/ken/primeflux/backend/.venv/lib/python3.12/site-packages/rest_framework/views.py", line 486, in raise_uncaught_exception
    raise exc
  File "/home/ken/primeflux/backend/.venv/lib/python3.12/site-packages/rest_framework/views.py", line 512, in dispatch
    response = handler(request, *args, **kwargs)
               ^^^^^^^^^^^^^^^^^^^^^^^^^^^^^^^^^
  File "/home/ken/primeflux/backend/.venv/lib/python3.12/site-packages/rest_framework/generics.py", line 256, in get
    return self.retrieve(request, *args, **kwargs)
           ^^^^^^^^^^^^^^^^^^^^^^^^^^^^^^^^^^^^^^^
  File "/home/ken/primeflux/backend/core/apps/accounts/views/profile.py", line 28, in retrieve
    cached_data = client.get(cache_key)
                  ^^^^^^^^^^^^^^^^^^^^^
  File "/home/ken/primeflux/backend/core/core_functions/services/cache/redis_client.py", line 27, in get
    return self.client.get(name=key)
           ^^^^^^^^^^^^^^^^^^^^^^^^^
  File "/home/ken/primeflux/backend/.venv/lib/python3.12/site-packages/redis/commands/core.py", line 3194, in get
    return self.execute_command("GET", name, keys=[name])
           ^^^^^^^^^^^^^^^^^^^^^^^^^^^^^^^^^^^^^^^^^^^^^^
  File "/home/ken/primeflux/backend/.venv/lib/python3.12/site-packages/redis/client.py", line 787, in execute_command
    return self._execute_command(*args, **options)
           ^^^^^^^^^^^^^^^^^^^^^^^^^^^^^^^^^^^^^^^
  File "/home/ken/primeflux/backend/.venv/lib/python3.12/site-packages/redis/client.py", line 793, in _execute_command
    conn = self.connection or pool.get_connection()
                              ^^^^^^^^^^^^^^^^^^^^^
  File "/home/ken/primeflux/backend/.venv/lib/python3.12/site-packages/redis/utils.py", line 258, in wrapper
    return func(*args, **kwargs)
           ^^^^^^^^^^^^^^^^^^^^^
  File "/home/ken/primeflux/backend/.venv/lib/python3.12/site-packages/redis/connection.py", line 3139, in get_connection
    connection.connect()
  File "/home/ken/primeflux/backend/.venv/lib/python3.12/site-packages/redis/connection.py", line 1006, in connect
    self.retry.call_with_retry(
  File "/home/ken/primeflux/backend/.venv/lib/python3.12/site-packages/redis/retry.py", line 132, in call_with_retry
    raise error
  File "/home/ken/primeflux/backend/.venv/lib/python3.12/site-packages/redis/retry.py", line 120, in call_with_retry
    return do()
           ^^^^
  File "/home/ken/primeflux/backend/.venv/lib/python3.12/site-packages/redis/connection.py", line 1007, in <lambda>
    lambda: self.connect_check_health(
            ^^^^^^^^^^^^^^^^^^^^^^^^^^
  File "/home/ken/primeflux/backend/.venv/lib/python3.12/site-packages/redis/connection.py", line 1055, in connect_check_health
    raise e
redis.exceptions.ConnectionError: Error 111 connecting to 127.0.0.1:6379. Connection refused.
2026-06-03 12:27:10,108 [ERROR] django.request (line 249): Internal Server Error: /api/v1/profile/
Traceback (most recent call last):
  File "/home/ken/primeflux/backend/.venv/lib/python3.12/site-packages/django/core/handlers/exception.py", line 55, in inner
    response = get_response(request)
               ^^^^^^^^^^^^^^^^^^^^^
  File "/home/ken/primeflux/backend/.venv/lib/python3.12/site-packages/django/core/handlers/base.py", line 198, in _get_response
    response = wrapped_callback(request, *callback_args, **callback_kwargs)
               ^^^^^^^^^^^^^^^^^^^^^^^^^^^^^^^^^^^^^^^^^^^^^^^^^^^^^^^^^^^^
  File "/home/ken/primeflux/backend/.venv/lib/python3.12/site-packages/django/views/decorators/csrf.py", line 65, in _view_wrapper
    return view_func(request, *args, **kwargs)
           ^^^^^^^^^^^^^^^^^^^^^^^^^^^^^^^^^^^
  File "/home/ken/primeflux/backend/.venv/lib/python3.12/site-packages/django/views/generic/base.py", line 106, in view
    return self.dispatch(request, *args, **kwargs)
           ^^^^^^^^^^^^^^^^^^^^^^^^^^^^^^^^^^^^^^^
  File "/home/ken/primeflux/backend/.venv/lib/python3.12/site-packages/rest_framework/views.py", line 515, in dispatch
    response = self.handle_exception(exc)
               ^^^^^^^^^^^^^^^^^^^^^^^^^^
  File "/home/ken/primeflux/backend/.venv/lib/python3.12/site-packages/rest_framework/views.py", line 475, in handle_exception
    self.raise_uncaught_exception(exc)
  File "/home/ken/primeflux/backend/.venv/lib/python3.12/site-packages/rest_framework/views.py", line 486, in raise_uncaught_exception
    raise exc
  File "/home/ken/primeflux/backend/.venv/lib/python3.12/site-packages/rest_framework/views.py", line 512, in dispatch
    response = handler(request, *args, **kwargs)
               ^^^^^^^^^^^^^^^^^^^^^^^^^^^^^^^^^
  File "/home/ken/primeflux/backend/.venv/lib/python3.12/site-packages/rest_framework/generics.py", line 256, in get
    return self.retrieve(request, *args, **kwargs)
           ^^^^^^^^^^^^^^^^^^^^^^^^^^^^^^^^^^^^^^^
  File "/home/ken/primeflux/backend/core/apps/accounts/views/profile.py", line 37, in retrieve
    client.set(
TypeError: RedisClient.set() got an unexpected keyword argument 'timeout'
2026-06-03 12:27:27,181 [ERROR] django.request (line 249): Internal Server Error: /api/v1/profile/
Traceback (most recent call last):
  File "/home/ken/primeflux/backend/.venv/lib/python3.12/site-packages/django/core/handlers/exception.py", line 55, in inner
    response = get_response(request)
               ^^^^^^^^^^^^^^^^^^^^^
  File "/home/ken/primeflux/backend/.venv/lib/python3.12/site-packages/django/core/handlers/base.py", line 198, in _get_response
    response = wrapped_callback(request, *callback_args, **callback_kwargs)
               ^^^^^^^^^^^^^^^^^^^^^^^^^^^^^^^^^^^^^^^^^^^^^^^^^^^^^^^^^^^^
  File "/home/ken/primeflux/backend/.venv/lib/python3.12/site-packages/django/views/decorators/csrf.py", line 65, in _view_wrapper
    return view_func(request, *args, **kwargs)
           ^^^^^^^^^^^^^^^^^^^^^^^^^^^^^^^^^^^
  File "/home/ken/primeflux/backend/.venv/lib/python3.12/site-packages/django/views/generic/base.py", line 106, in view
    return self.dispatch(request, *args, **kwargs)
           ^^^^^^^^^^^^^^^^^^^^^^^^^^^^^^^^^^^^^^^
  File "/home/ken/primeflux/backend/.venv/lib/python3.12/site-packages/rest_framework/views.py", line 515, in dispatch
    response = self.handle_exception(exc)
               ^^^^^^^^^^^^^^^^^^^^^^^^^^
  File "/home/ken/primeflux/backend/.venv/lib/python3.12/site-packages/rest_framework/views.py", line 475, in handle_exception
    self.raise_uncaught_exception(exc)
  File "/home/ken/primeflux/backend/.venv/lib/python3.12/site-packages/rest_framework/views.py", line 486, in raise_uncaught_exception
    raise exc
  File "/home/ken/primeflux/backend/.venv/lib/python3.12/site-packages/rest_framework/views.py", line 512, in dispatch
    response = handler(request, *args, **kwargs)
               ^^^^^^^^^^^^^^^^^^^^^^^^^^^^^^^^^
  File "/home/ken/primeflux/backend/.venv/lib/python3.12/site-packages/rest_framework/generics.py", line 256, in get
    return self.retrieve(request, *args, **kwargs)
           ^^^^^^^^^^^^^^^^^^^^^^^^^^^^^^^^^^^^^^^
  File "/home/ken/primeflux/backend/core/apps/accounts/views/profile.py", line 37, in retrieve
    client.set(
TypeError: RedisClient.set() got an unexpected keyword argument 'timeout'
2026-06-03 12:41:47,311 [ERROR] django.request (line 249): Internal Server Error: /api/v1/profile/
Traceback (most recent call last):
  File "/home/ken/primeflux/backend/.venv/lib/python3.12/site-packages/django/core/handlers/exception.py", line 55, in inner
    response = get_response(request)
               ^^^^^^^^^^^^^^^^^^^^^
  File "/home/ken/primeflux/backend/.venv/lib/python3.12/site-packages/django/core/handlers/base.py", line 198, in _get_response
    response = wrapped_callback(request, *callback_args, **callback_kwargs)
               ^^^^^^^^^^^^^^^^^^^^^^^^^^^^^^^^^^^^^^^^^^^^^^^^^^^^^^^^^^^^
  File "/home/ken/primeflux/backend/.venv/lib/python3.12/site-packages/django/views/decorators/csrf.py", line 65, in _view_wrapper
    return view_func(request, *args, **kwargs)
           ^^^^^^^^^^^^^^^^^^^^^^^^^^^^^^^^^^^
  File "/home/ken/primeflux/backend/.venv/lib/python3.12/site-packages/django/views/generic/base.py", line 106, in view
    return self.dispatch(request, *args, **kwargs)
           ^^^^^^^^^^^^^^^^^^^^^^^^^^^^^^^^^^^^^^^
  File "/home/ken/primeflux/backend/.venv/lib/python3.12/site-packages/rest_framework/views.py", line 515, in dispatch
    response = self.handle_exception(exc)
               ^^^^^^^^^^^^^^^^^^^^^^^^^^
  File "/home/ken/primeflux/backend/.venv/lib/python3.12/site-packages/rest_framework/views.py", line 475, in handle_exception
    self.raise_uncaught_exception(exc)
  File "/home/ken/primeflux/backend/.venv/lib/python3.12/site-packages/rest_framework/views.py", line 486, in raise_uncaught_exception
    raise exc
  File "/home/ken/primeflux/backend/.venv/lib/python3.12/site-packages/rest_framework/views.py", line 512, in dispatch
    response = handler(request, *args, **kwargs)
               ^^^^^^^^^^^^^^^^^^^^^^^^^^^^^^^^^
  File "/home/ken/primeflux/backend/.venv/lib/python3.12/site-packages/rest_framework/generics.py", line 256, in get
    return self.retrieve(request, *args, **kwargs)
           ^^^^^^^^^^^^^^^^^^^^^^^^^^^^^^^^^^^^^^^
  File "/home/ken/primeflux/backend/core/apps/accounts/views/profile.py", line 37, in retrieve
    client.set(
TypeError: RedisClient.set() got an unexpected keyword argument 'timeout'
2026-06-03 12:43:34,299 [ERROR] django.request (line 249): Internal Server Error: /api/v1/profile/
Traceback (most recent call last):
  File "/home/ken/primeflux/backend/.venv/lib/python3.12/site-packages/redis/connection.py", line 1033, in connect_check_health
    sock = self._connect()
           ^^^^^^^^^^^^^^^
  File "/home/ken/primeflux/backend/.venv/lib/python3.12/site-packages/redis/connection.py", line 1581, in _connect
    raise err
  File "/home/ken/primeflux/backend/.venv/lib/python3.12/site-packages/redis/connection.py", line 1565, in _connect
    sock.connect(socket_address)
ConnectionRefusedError: [Errno 111] Connection refused

During handling of the above exception, another exception occurred:

Traceback (most recent call last):
  File "/home/ken/primeflux/backend/.venv/lib/python3.12/site-packages/django/core/handlers/exception.py", line 55, in inner
    response = get_response(request)
               ^^^^^^^^^^^^^^^^^^^^^
  File "/home/ken/primeflux/backend/.venv/lib/python3.12/site-packages/django/core/handlers/base.py", line 198, in _get_response
    response = wrapped_callback(request, *callback_args, **callback_kwargs)
               ^^^^^^^^^^^^^^^^^^^^^^^^^^^^^^^^^^^^^^^^^^^^^^^^^^^^^^^^^^^^
  File "/home/ken/primeflux/backend/.venv/lib/python3.12/site-packages/django/views/decorators/csrf.py", line 65, in _view_wrapper
    return view_func(request, *args, **kwargs)
           ^^^^^^^^^^^^^^^^^^^^^^^^^^^^^^^^^^^
  File "/home/ken/primeflux/backend/.venv/lib/python3.12/site-packages/django/views/generic/base.py", line 106, in view
    return self.dispatch(request, *args, **kwargs)
           ^^^^^^^^^^^^^^^^^^^^^^^^^^^^^^^^^^^^^^^
  File "/home/ken/primeflux/backend/.venv/lib/python3.12/site-packages/rest_framework/views.py", line 515, in dispatch
    response = self.handle_exception(exc)
               ^^^^^^^^^^^^^^^^^^^^^^^^^^
  File "/home/ken/primeflux/backend/.venv/lib/python3.12/site-packages/rest_framework/views.py", line 475, in handle_exception
    self.raise_uncaught_exception(exc)
  File "/home/ken/primeflux/backend/.venv/lib/python3.12/site-packages/rest_framework/views.py", line 486, in raise_uncaught_exception
    raise exc
  File "/home/ken/primeflux/backend/.venv/lib/python3.12/site-packages/rest_framework/views.py", line 512, in dispatch
    response = handler(request, *args, **kwargs)
               ^^^^^^^^^^^^^^^^^^^^^^^^^^^^^^^^^
  File "/home/ken/primeflux/backend/.venv/lib/python3.12/site-packages/rest_framework/generics.py", line 256, in get
    return self.retrieve(request, *args, **kwargs)
           ^^^^^^^^^^^^^^^^^^^^^^^^^^^^^^^^^^^^^^^
  File "/home/ken/primeflux/backend/core/apps/accounts/views/profile.py", line 28, in retrieve
    cached_data = client.get(cache_key)
                  ^^^^^^^^^^^^^^^^^^^^^
  File "/home/ken/primeflux/backend/core/core_functions/services/cache/redis_client.py", line 27, in get
    return self.client.get(name=key)
           ^^^^^^^^^^^^^^^^^^^^^^^^^
  File "/home/ken/primeflux/backend/.venv/lib/python3.12/site-packages/redis/commands/core.py", line 3194, in get
    return self.execute_command("GET", name, keys=[name])
           ^^^^^^^^^^^^^^^^^^^^^^^^^^^^^^^^^^^^^^^^^^^^^^
  File "/home/ken/primeflux/backend/.venv/lib/python3.12/site-packages/redis/client.py", line 787, in execute_command
    return self._execute_command(*args, **options)
           ^^^^^^^^^^^^^^^^^^^^^^^^^^^^^^^^^^^^^^^
  File "/home/ken/primeflux/backend/.venv/lib/python3.12/site-packages/redis/client.py", line 793, in _execute_command
    conn = self.connection or pool.get_connection()
                              ^^^^^^^^^^^^^^^^^^^^^
  File "/home/ken/primeflux/backend/.venv/lib/python3.12/site-packages/redis/utils.py", line 258, in wrapper
    return func(*args, **kwargs)
           ^^^^^^^^^^^^^^^^^^^^^
  File "/home/ken/primeflux/backend/.venv/lib/python3.12/site-packages/redis/connection.py", line 3139, in get_connection
    connection.connect()
  File "/home/ken/primeflux/backend/.venv/lib/python3.12/site-packages/redis/connection.py", line 1006, in connect
    self.retry.call_with_retry(
  File "/home/ken/primeflux/backend/.venv/lib/python3.12/site-packages/redis/retry.py", line 132, in call_with_retry
    raise error
  File "/home/ken/primeflux/backend/.venv/lib/python3.12/site-packages/redis/retry.py", line 120, in call_with_retry
    return do()
           ^^^^
  File "/home/ken/primeflux/backend/.venv/lib/python3.12/site-packages/redis/connection.py", line 1007, in <lambda>
    lambda: self.connect_check_health(
            ^^^^^^^^^^^^^^^^^^^^^^^^^^
  File "/home/ken/primeflux/backend/.venv/lib/python3.12/site-packages/redis/connection.py", line 1055, in connect_check_health
    raise e
redis.exceptions.ConnectionError: Error 111 connecting to host.docker.internal:6379. Connection refused.
2026-06-03 12:43:39,313 [ERROR] django.request (line 249): Internal Server Error: /api/v1/profile/
Traceback (most recent call last):
  File "/home/ken/primeflux/backend/.venv/lib/python3.12/site-packages/redis/connection.py", line 1033, in connect_check_health
    sock = self._connect()
           ^^^^^^^^^^^^^^^
  File "/home/ken/primeflux/backend/.venv/lib/python3.12/site-packages/redis/connection.py", line 1581, in _connect
    raise err
  File "/home/ken/primeflux/backend/.venv/lib/python3.12/site-packages/redis/connection.py", line 1565, in _connect
    sock.connect(socket_address)
ConnectionRefusedError: [Errno 111] Connection refused

During handling of the above exception, another exception occurred:

Traceback (most recent call last):
  File "/home/ken/primeflux/backend/.venv/lib/python3.12/site-packages/django/core/handlers/exception.py", line 55, in inner
    response = get_response(request)
               ^^^^^^^^^^^^^^^^^^^^^
  File "/home/ken/primeflux/backend/.venv/lib/python3.12/site-packages/django/core/handlers/base.py", line 198, in _get_response
    response = wrapped_callback(request, *callback_args, **callback_kwargs)
               ^^^^^^^^^^^^^^^^^^^^^^^^^^^^^^^^^^^^^^^^^^^^^^^^^^^^^^^^^^^^
  File "/home/ken/primeflux/backend/.venv/lib/python3.12/site-packages/django/views/decorators/csrf.py", line 65, in _view_wrapper
    return view_func(request, *args, **kwargs)
           ^^^^^^^^^^^^^^^^^^^^^^^^^^^^^^^^^^^
  File "/home/ken/primeflux/backend/.venv/lib/python3.12/site-packages/django/views/generic/base.py", line 106, in view
    return self.dispatch(request, *args, **kwargs)
           ^^^^^^^^^^^^^^^^^^^^^^^^^^^^^^^^^^^^^^^
  File "/home/ken/primeflux/backend/.venv/lib/python3.12/site-packages/rest_framework/views.py", line 515, in dispatch
    response = self.handle_exception(exc)
               ^^^^^^^^^^^^^^^^^^^^^^^^^^
  File "/home/ken/primeflux/backend/.venv/lib/python3.12/site-packages/rest_framework/views.py", line 475, in handle_exception
    self.raise_uncaught_exception(exc)
  File "/home/ken/primeflux/backend/.venv/lib/python3.12/site-packages/rest_framework/views.py", line 486, in raise_uncaught_exception
    raise exc
  File "/home/ken/primeflux/backend/.venv/lib/python3.12/site-packages/rest_framework/views.py", line 512, in dispatch
    response = handler(request, *args, **kwargs)
               ^^^^^^^^^^^^^^^^^^^^^^^^^^^^^^^^^
  File "/home/ken/primeflux/backend/.venv/lib/python3.12/site-packages/rest_framework/generics.py", line 256, in get
    return self.retrieve(request, *args, **kwargs)
           ^^^^^^^^^^^^^^^^^^^^^^^^^^^^^^^^^^^^^^^
  File "/home/ken/primeflux/backend/core/apps/accounts/views/profile.py", line 28, in retrieve
    cached_data = client.get(cache_key)
                  ^^^^^^^^^^^^^^^^^^^^^
  File "/home/ken/primeflux/backend/core/core_functions/services/cache/redis_client.py", line 27, in get
    return self.client.get(name=key)
           ^^^^^^^^^^^^^^^^^^^^^^^^^
  File "/home/ken/primeflux/backend/.venv/lib/python3.12/site-packages/redis/commands/core.py", line 3194, in get
    return self.execute_command("GET", name, keys=[name])
           ^^^^^^^^^^^^^^^^^^^^^^^^^^^^^^^^^^^^^^^^^^^^^^
  File "/home/ken/primeflux/backend/.venv/lib/python3.12/site-packages/redis/client.py", line 787, in execute_command
    return self._execute_command(*args, **options)
           ^^^^^^^^^^^^^^^^^^^^^^^^^^^^^^^^^^^^^^^
  File "/home/ken/primeflux/backend/.venv/lib/python3.12/site-packages/redis/client.py", line 793, in _execute_command
    conn = self.connection or pool.get_connection()
                              ^^^^^^^^^^^^^^^^^^^^^
  File "/home/ken/primeflux/backend/.venv/lib/python3.12/site-packages/redis/utils.py", line 258, in wrapper
    return func(*args, **kwargs)
           ^^^^^^^^^^^^^^^^^^^^^
  File "/home/ken/primeflux/backend/.venv/lib/python3.12/site-packages/redis/connection.py", line 3139, in get_connection
    connection.connect()
  File "/home/ken/primeflux/backend/.venv/lib/python3.12/site-packages/redis/connection.py", line 1006, in connect
    self.retry.call_with_retry(
  File "/home/ken/primeflux/backend/.venv/lib/python3.12/site-packages/redis/retry.py", line 132, in call_with_retry
    raise error
  File "/home/ken/primeflux/backend/.venv/lib/python3.12/site-packages/redis/retry.py", line 120, in call_with_retry
    return do()
           ^^^^
  File "/home/ken/primeflux/backend/.venv/lib/python3.12/site-packages/redis/connection.py", line 1007, in <lambda>
    lambda: self.connect_check_health(
            ^^^^^^^^^^^^^^^^^^^^^^^^^^
  File "/home/ken/primeflux/backend/.venv/lib/python3.12/site-packages/redis/connection.py", line 1055, in connect_check_health
    raise e
redis.exceptions.ConnectionError: Error 111 connecting to host.docker.internal:6379. Connection refused.
2026-06-03 12:43:41,839 [ERROR] django.request (line 249): Internal Server Error: /api/v1/profile/
Traceback (most recent call last):
  File "/home/ken/primeflux/backend/.venv/lib/python3.12/site-packages/redis/connection.py", line 1033, in connect_check_health
    sock = self._connect()
           ^^^^^^^^^^^^^^^
  File "/home/ken/primeflux/backend/.venv/lib/python3.12/site-packages/redis/connection.py", line 1581, in _connect
    raise err
  File "/home/ken/primeflux/backend/.venv/lib/python3.12/site-packages/redis/connection.py", line 1565, in _connect
    sock.connect(socket_address)
ConnectionRefusedError: [Errno 111] Connection refused

During handling of the above exception, another exception occurred:

Traceback (most recent call last):
  File "/home/ken/primeflux/backend/.venv/lib/python3.12/site-packages/django/core/handlers/exception.py", line 55, in inner
    response = get_response(request)
               ^^^^^^^^^^^^^^^^^^^^^
  File "/home/ken/primeflux/backend/.venv/lib/python3.12/site-packages/django/core/handlers/base.py", line 198, in _get_response
    response = wrapped_callback(request, *callback_args, **callback_kwargs)
               ^^^^^^^^^^^^^^^^^^^^^^^^^^^^^^^^^^^^^^^^^^^^^^^^^^^^^^^^^^^^
  File "/home/ken/primeflux/backend/.venv/lib/python3.12/site-packages/django/views/decorators/csrf.py", line 65, in _view_wrapper
    return view_func(request, *args, **kwargs)
           ^^^^^^^^^^^^^^^^^^^^^^^^^^^^^^^^^^^
  File "/home/ken/primeflux/backend/.venv/lib/python3.12/site-packages/django/views/generic/base.py", line 106, in view
    return self.dispatch(request, *args, **kwargs)
           ^^^^^^^^^^^^^^^^^^^^^^^^^^^^^^^^^^^^^^^
  File "/home/ken/primeflux/backend/.venv/lib/python3.12/site-packages/rest_framework/views.py", line 515, in dispatch
    response = self.handle_exception(exc)
               ^^^^^^^^^^^^^^^^^^^^^^^^^^
  File "/home/ken/primeflux/backend/.venv/lib/python3.12/site-packages/rest_framework/views.py", line 475, in handle_exception
    self.raise_uncaught_exception(exc)
  File "/home/ken/primeflux/backend/.venv/lib/python3.12/site-packages/rest_framework/views.py", line 486, in raise_uncaught_exception
    raise exc
  File "/home/ken/primeflux/backend/.venv/lib/python3.12/site-packages/rest_framework/views.py", line 512, in dispatch
    response = handler(request, *args, **kwargs)
               ^^^^^^^^^^^^^^^^^^^^^^^^^^^^^^^^^
  File "/home/ken/primeflux/backend/.venv/lib/python3.12/site-packages/rest_framework/generics.py", line 256, in get
    return self.retrieve(request, *args, **kwargs)
           ^^^^^^^^^^^^^^^^^^^^^^^^^^^^^^^^^^^^^^^
  File "/home/ken/primeflux/backend/core/apps/accounts/views/profile.py", line 28, in retrieve
    cached_data = client.get(cache_key)
                  ^^^^^^^^^^^^^^^^^^^^^
  File "/home/ken/primeflux/backend/core/core_functions/services/cache/redis_client.py", line 27, in get
    return self.client.get(name=key)
           ^^^^^^^^^^^^^^^^^^^^^^^^^
  File "/home/ken/primeflux/backend/.venv/lib/python3.12/site-packages/redis/commands/core.py", line 3194, in get
    return self.execute_command("GET", name, keys=[name])
           ^^^^^^^^^^^^^^^^^^^^^^^^^^^^^^^^^^^^^^^^^^^^^^
  File "/home/ken/primeflux/backend/.venv/lib/python3.12/site-packages/redis/client.py", line 787, in execute_command
    return self._execute_command(*args, **options)
           ^^^^^^^^^^^^^^^^^^^^^^^^^^^^^^^^^^^^^^^
  File "/home/ken/primeflux/backend/.venv/lib/python3.12/site-packages/redis/client.py", line 793, in _execute_command
    conn = self.connection or pool.get_connection()
                              ^^^^^^^^^^^^^^^^^^^^^
  File "/home/ken/primeflux/backend/.venv/lib/python3.12/site-packages/redis/utils.py", line 258, in wrapper
    return func(*args, **kwargs)
           ^^^^^^^^^^^^^^^^^^^^^
  File "/home/ken/primeflux/backend/.venv/lib/python3.12/site-packages/redis/connection.py", line 3139, in get_connection
    connection.connect()
  File "/home/ken/primeflux/backend/.venv/lib/python3.12/site-packages/redis/connection.py", line 1006, in connect
    self.retry.call_with_retry(
  File "/home/ken/primeflux/backend/.venv/lib/python3.12/site-packages/redis/retry.py", line 132, in call_with_retry
    raise error
  File "/home/ken/primeflux/backend/.venv/lib/python3.12/site-packages/redis/retry.py", line 120, in call_with_retry
    return do()
           ^^^^
  File "/home/ken/primeflux/backend/.venv/lib/python3.12/site-packages/redis/connection.py", line 1007, in <lambda>
    lambda: self.connect_check_health(
            ^^^^^^^^^^^^^^^^^^^^^^^^^^
  File "/home/ken/primeflux/backend/.venv/lib/python3.12/site-packages/redis/connection.py", line 1055, in connect_check_health
    raise e
redis.exceptions.ConnectionError: Error 111 connecting to host.docker.internal:6379. Connection refused.
2026-06-03 12:43:43,668 [ERROR] django.request (line 249): Internal Server Error: /api/v1/profile/
Traceback (most recent call last):
  File "/home/ken/primeflux/backend/.venv/lib/python3.12/site-packages/redis/connection.py", line 1033, in connect_check_health
    sock = self._connect()
           ^^^^^^^^^^^^^^^
  File "/home/ken/primeflux/backend/.venv/lib/python3.12/site-packages/redis/connection.py", line 1581, in _connect
    raise err
  File "/home/ken/primeflux/backend/.venv/lib/python3.12/site-packages/redis/connection.py", line 1565, in _connect
    sock.connect(socket_address)
ConnectionRefusedError: [Errno 111] Connection refused

During handling of the above exception, another exception occurred:

Traceback (most recent call last):
  File "/home/ken/primeflux/backend/.venv/lib/python3.12/site-packages/django/core/handlers/exception.py", line 55, in inner
    response = get_response(request)
               ^^^^^^^^^^^^^^^^^^^^^
  File "/home/ken/primeflux/backend/.venv/lib/python3.12/site-packages/django/core/handlers/base.py", line 198, in _get_response
    response = wrapped_callback(request, *callback_args, **callback_kwargs)
               ^^^^^^^^^^^^^^^^^^^^^^^^^^^^^^^^^^^^^^^^^^^^^^^^^^^^^^^^^^^^
  File "/home/ken/primeflux/backend/.venv/lib/python3.12/site-packages/django/views/decorators/csrf.py", line 65, in _view_wrapper
    return view_func(request, *args, **kwargs)
           ^^^^^^^^^^^^^^^^^^^^^^^^^^^^^^^^^^^
  File "/home/ken/primeflux/backend/.venv/lib/python3.12/site-packages/django/views/generic/base.py", line 106, in view
    return self.dispatch(request, *args, **kwargs)
           ^^^^^^^^^^^^^^^^^^^^^^^^^^^^^^^^^^^^^^^
  File "/home/ken/primeflux/backend/.venv/lib/python3.12/site-packages/rest_framework/views.py", line 515, in dispatch
    response = self.handle_exception(exc)
               ^^^^^^^^^^^^^^^^^^^^^^^^^^
  File "/home/ken/primeflux/backend/.venv/lib/python3.12/site-packages/rest_framework/views.py", line 475, in handle_exception
    self.raise_uncaught_exception(exc)
  File "/home/ken/primeflux/backend/.venv/lib/python3.12/site-packages/rest_framework/views.py", line 486, in raise_uncaught_exception
    raise exc
  File "/home/ken/primeflux/backend/.venv/lib/python3.12/site-packages/rest_framework/views.py", line 512, in dispatch
    response = handler(request, *args, **kwargs)
               ^^^^^^^^^^^^^^^^^^^^^^^^^^^^^^^^^
  File "/home/ken/primeflux/backend/.venv/lib/python3.12/site-packages/rest_framework/generics.py", line 256, in get
    return self.retrieve(request, *args, **kwargs)
           ^^^^^^^^^^^^^^^^^^^^^^^^^^^^^^^^^^^^^^^
  File "/home/ken/primeflux/backend/core/apps/accounts/views/profile.py", line 28, in retrieve
    cached_data = client.get(cache_key)
                  ^^^^^^^^^^^^^^^^^^^^^
  File "/home/ken/primeflux/backend/core/core_functions/services/cache/redis_client.py", line 27, in get
    return self.client.get(name=key)
           ^^^^^^^^^^^^^^^^^^^^^^^^^
  File "/home/ken/primeflux/backend/.venv/lib/python3.12/site-packages/redis/commands/core.py", line 3194, in get
    return self.execute_command("GET", name, keys=[name])
           ^^^^^^^^^^^^^^^^^^^^^^^^^^^^^^^^^^^^^^^^^^^^^^
  File "/home/ken/primeflux/backend/.venv/lib/python3.12/site-packages/redis/client.py", line 787, in execute_command
    return self._execute_command(*args, **options)
           ^^^^^^^^^^^^^^^^^^^^^^^^^^^^^^^^^^^^^^^
  File "/home/ken/primeflux/backend/.venv/lib/python3.12/site-packages/redis/client.py", line 793, in _execute_command
    conn = self.connection or pool.get_connection()
                              ^^^^^^^^^^^^^^^^^^^^^
  File "/home/ken/primeflux/backend/.venv/lib/python3.12/site-packages/redis/utils.py", line 258, in wrapper
    return func(*args, **kwargs)
           ^^^^^^^^^^^^^^^^^^^^^
  File "/home/ken/primeflux/backend/.venv/lib/python3.12/site-packages/redis/connection.py", line 3139, in get_connection
    connection.connect()
  File "/home/ken/primeflux/backend/.venv/lib/python3.12/site-packages/redis/connection.py", line 1006, in connect
    self.retry.call_with_retry(
  File "/home/ken/primeflux/backend/.venv/lib/python3.12/site-packages/redis/retry.py", line 132, in call_with_retry
    raise error
  File "/home/ken/primeflux/backend/.venv/lib/python3.12/site-packages/redis/retry.py", line 120, in call_with_retry
    return do()
           ^^^^
  File "/home/ken/primeflux/backend/.venv/lib/python3.12/site-packages/redis/connection.py", line 1007, in <lambda>
    lambda: self.connect_check_health(
            ^^^^^^^^^^^^^^^^^^^^^^^^^^
  File "/home/ken/primeflux/backend/.venv/lib/python3.12/site-packages/redis/connection.py", line 1055, in connect_check_health
    raise e
redis.exceptions.ConnectionError: Error 111 connecting to host.docker.internal:6379. Connection refused.
2026-06-03 20:26:28,446 [ERROR] django.request (line 249): Internal Server Error: /api/v1/profile/
Traceback (most recent call last):
  File "/home/ken/primeflux/backend/.venv/lib/python3.12/site-packages/django/core/handlers/exception.py", line 55, in inner
    response = get_response(request)
               ^^^^^^^^^^^^^^^^^^^^^
  File "/home/ken/primeflux/backend/.venv/lib/python3.12/site-packages/django/core/handlers/base.py", line 198, in _get_response
    response = wrapped_callback(request, *callback_args, **callback_kwargs)
               ^^^^^^^^^^^^^^^^^^^^^^^^^^^^^^^^^^^^^^^^^^^^^^^^^^^^^^^^^^^^
  File "/home/ken/primeflux/backend/.venv/lib/python3.12/site-packages/django/views/decorators/csrf.py", line 65, in _view_wrapper
    return view_func(request, *args, **kwargs)
           ^^^^^^^^^^^^^^^^^^^^^^^^^^^^^^^^^^^
  File "/home/ken/primeflux/backend/.venv/lib/python3.12/site-packages/django/views/generic/base.py", line 106, in view
    return self.dispatch(request, *args, **kwargs)
           ^^^^^^^^^^^^^^^^^^^^^^^^^^^^^^^^^^^^^^^
  File "/home/ken/primeflux/backend/.venv/lib/python3.12/site-packages/rest_framework/views.py", line 515, in dispatch
    response = self.handle_exception(exc)
               ^^^^^^^^^^^^^^^^^^^^^^^^^^
  File "/home/ken/primeflux/backend/.venv/lib/python3.12/site-packages/rest_framework/views.py", line 475, in handle_exception
    self.raise_uncaught_exception(exc)
  File "/home/ken/primeflux/backend/.venv/lib/python3.12/site-packages/rest_framework/views.py", line 486, in raise_uncaught_exception
    raise exc
  File "/home/ken/primeflux/backend/.venv/lib/python3.12/site-packages/rest_framework/views.py", line 512, in dispatch
    response = handler(request, *args, **kwargs)
               ^^^^^^^^^^^^^^^^^^^^^^^^^^^^^^^^^
  File "/home/ken/primeflux/backend/.venv/lib/python3.12/site-packages/rest_framework/generics.py", line 256, in get
    return self.retrieve(request, *args, **kwargs)
           ^^^^^^^^^^^^^^^^^^^^^^^^^^^^^^^^^^^^^^^
  File "/home/ken/primeflux/backend/core/apps/accounts/views/profile.py", line 37, in retrieve
    client.set(
TypeError: RedisClient.set() got an unexpected keyword argument 'timeout'
